Loading .env environment variables...

   FastAPI   Starting production server 🚀
 
             Searching for package file structure from directories with 
             __init__.py files
             Importing from /workspaces/Bizzgame
 
    module   🐍 main.py
 
      code   Importing the FastAPI app object from the module with the following
             code:
 
             from main import app
 
       app   Using import string: main:app
 
    server   Server started at http://0.0.0.0:8000
    server   Documentation at http://0.0.0.0:8000/docs
 
             Logs:
 
      INFO   Started server process [9530]
      INFO   Waiting for application startup.
/home/codespace/.local/share/virtualenvs/Bizzgame-ON2qpJkN/lib/python3.12/site-packages/pydantic/_internal/_config.py:345: UserWarning: Valid config keys have changed in V2:
* 'orm_mode' has been renamed to 'from_attributes'
  warnings.warn(message, UserWarning)
      INFO   Application startup complete.
      INFO   Uvicorn running on http://0.0.0.0:8000 (Press CTRL+C to quit)
(trapped) error reading bcrypt version
Traceback (most recent call last):
  File "/home/codespace/.local/share/virtualenvs/Bizzgame-ON2qpJkN/lib/python3.12/site-packages/passlib/handlers/bcrypt.py", line 620, in _load_backend_mixin
    version = _bcrypt.__about__.__version__
              ^^^^^^^^^^^^^^^^^
AttributeError: module 'bcrypt' has no attribute '__about__'
2025-04-22 10:56:37,552 - default - INFO -  login user {'user': <app.core.users.models.model_user.UserModel object at 0x78b34b243290>, 'token': {'access': {'token': 'eyJhbGciOiJIUzI1NiIsInR5cCI6IkpXVCJ9.eyJleHAiOjE3NDUzMjAyOTcsImlhdCI6MTc0NTMxOTM5NywidHlwZSI6IkFDQ0VTU19UT0tFTiIsInN1YiI6IjIwMjUwNDIyMDczNjI4ajF4eGVrb3EwdmJkMzQ0MjM4M2ZkZTQ0NmU4NWI0MWNlNGMyYzIyNGY2IiwiYWxnIjoiUlMyNTYifQ.pubEIC_i2XQFAORogFqxDVYULeWovHCWUNYFOGwKwa4', 'expires': datetime.datetime(2025, 4, 22, 11, 11, 37, 551959)}, 'refresh': {'token': 'eyJhbGciOiJIUzI1NiIsInR5cCI6IkpXVCJ9.eyJleHAiOjE3NDUzMjExOTcsImlhdCI6MTc0NTMxOTM5NywidHlwZSI6IlJFRlJFU0hfVE9LRU4iLCJzdWIiOiIyMDI1MDQyMjA3MzYyOGoxeHhla29xMHZiZDM0NDIzODNmZGU0NDZlODViNDFjZTRjMmMyMjRmNiIsImFsZyI6IlJTMjU2In0.xKF-NV5NlA96b4co30uWarwr6N7GVIev7FRj-NhxR9E', 'expires': datetime.datetime(2025, 4, 22, 11, 26, 37, 551968)}}}
      INFO   127.0.0.1:51950 - "POST /api/v1/auth/login HTTP/1.1" 200
